<?xml version="1.0" encoding="UTF-8"?>
<coverage generated="1549466278645" clover="3.2.0">
  <project timestamp="1549466278645" name="All files">
    <metrics statements="43" coveredstatements="40" conditionals="26" coveredconditionals="22" methods="12" coveredmethods="11" elements="81" coveredelements="73" complexity="0" loc="43" ncloc="43" packages="1" files="1" classes="1">
      <file name="App.jsx" path="/Users/ceciliacaroline/Documents/random/src/components/App.jsx">
        <metrics statements="43" coveredstatements="40" conditionals="26" coveredconditionals="22" methods="12" coveredmethods="11"/>
        <line num="30" count="2" type="stmt"/>
        <line num="32" count="2" type="stmt"/>
        <line num="34" count="2" type="cond" truecount="4" falsecount="0"/>
        <line num="35" count="1" type="stmt"/>
        <line num="38" count="2" type="stmt"/>
        <line num="40" count="11" type="stmt"/>
        <line num="42" count="11" type="cond" truecount="2" falsecount="0"/>
        <line num="43" count="10" type="stmt"/>
        <line num="45" count="11" type="stmt"/>
        <line num="47" count="2" type="stmt"/>
        <line num="54" count="26" type="stmt"/>
        <line num="55" count="26" type="cond" truecount="4" falsecount="0"/>
        <line num="56" count="3" type="stmt"/>
        <line num="57" count="10" type="stmt"/>
        <line num="66" count="0" type="stmt"/>
        <line num="67" count="0" type="cond" truecount="0" falsecount="2"/>
        <line num="68" count="0" type="stmt"/>
        <line num="76" count="3" type="stmt"/>
        <line num="77" count="3" type="cond" truecount="2" falsecount="0"/>
        <line num="78" count="2" type="cond" truecount="2" falsecount="0"/>
        <line num="79" count="1" type="stmt"/>
        <line num="82" count="1" type="cond" truecount="1" falsecount="1"/>
        <line num="83" count="1" type="stmt"/>
        <line num="88" count="1" type="stmt"/>
        <line num="93" count="3" type="cond" truecount="2" falsecount="0"/>
        <line num="94" count="1" type="stmt"/>
        <line num="99" count="3" type="cond" truecount="2" falsecount="0"/>
        <line num="100" count="1" type="stmt"/>
        <line num="107" count="1" type="stmt"/>
        <line num="111" count="1" type="cond" truecount="1" falsecount="1"/>
        <line num="112" count="1" type="stmt"/>
        <line num="117" count="1" type="stmt"/>
        <line num="118" count="1" type="stmt"/>
        <line num="119" count="1" type="stmt"/>
        <line num="130" count="26" type="stmt"/>
        <line num="134" count="26" type="cond" truecount="2" falsecount="0"/>
        <line num="135" count="2" type="stmt"/>
        <line num="136" count="2" type="stmt"/>
        <line num="137" count="2" type="stmt"/>
        <line num="139" count="24" type="stmt"/>
        <line num="140" count="24" type="stmt"/>
        <line num="141" count="24" type="stmt"/>
        <line num="144" count="26" type="stmt"/>
      </file>
    </metrics>
  </project>
</coverage>
