{"/Users/ceciliacaroline/Documents/random/src/components/App.jsx": {"path":"/Users/ceciliacaroline/Documents/random/src/components/App.jsx","statementMap":{"0":{"start":{"line":30,"column":20},"end":{"line":30,"column":29}},"1":{"start":{"line":32,"column":49},"end":{"line":32,"column":59}},"2":{"start":{"line":34,"column":4},"end":{"line":36,"column":5}},"3":{"start":{"line":35,"column":6},"end":{"line":35,"column":64}},"4":{"start":{"line":38,"column":4},"end":{"line":46,"column":5}},"5":{"start":{"line":40,"column":7},"end":{"line":40,"column":75}},"6":{"start":{"line":42,"column":6},"end":{"line":44,"column":7}},"7":{"start":{"line":43,"column":8},"end":{"line":43,"column":42}},"8":{"start":{"line":45,"column":6},"end":{"line":45,"column":43}},"9":{"start":{"line":47,"column":4},"end":{"line":50,"column":7}},"10":{"start":{"line":54,"column":34},"end":{"line":54,"column":44}},"11":{"start":{"line":55,"column":4},"end":{"line":63,"column":5}},"12":{"start":{"line":56,"column":6},"end":{"line":62,"column":9}},"13":{"start":{"line":57,"column":8},"end":{"line":61,"column":10}},"14":{"start":{"line":66,"column":33},"end":{"line":66,"column":43}},"15":{"start":{"line":67,"column":4},"end":{"line":72,"column":5}},"16":{"start":{"line":68,"column":6},"end":{"line":71,"column":8}},"17":{"start":{"line":76,"column":41},"end":{"line":76,"column":51}},"18":{"start":{"line":77,"column":4},"end":{"line":89,"column":5}},"19":{"start":{"line":78,"column":6},"end":{"line":86,"column":7}},"20":{"start":{"line":79,"column":8},"end":{"line":81,"column":11}},"21":{"start":{"line":82,"column":13},"end":{"line":86,"column":7}},"22":{"start":{"line":83,"column":8},"end":{"line":85,"column":11}},"23":{"start":{"line":88,"column":6},"end":{"line":88,"column":70}},"24":{"start":{"line":93,"column":4},"end":{"line":95,"column":5}},"25":{"start":{"line":94,"column":6},"end":{"line":94,"column":16}},"26":{"start":{"line":99,"column":4},"end":{"line":101,"column":5}},"27":{"start":{"line":100,"column":6},"end":{"line":100,"column":16}},"28":{"start":{"line":105,"column":4},"end":{"line":105,"column":66}},"29":{"start":{"line":109,"column":4},"end":{"line":113,"column":5}},"30":{"start":{"line":110,"column":6},"end":{"line":110,"column":60}},"31":{"start":{"line":112,"column":6},"end":{"line":112,"column":100}},"32":{"start":{"line":117,"column":4},"end":{"line":117,"column":27}},"33":{"start":{"line":118,"column":4},"end":{"line":118,"column":76}},"34":{"start":{"line":118,"column":54},"end":{"line":118,"column":74}},"35":{"start":{"line":128,"column":8},"end":{"line":128,"column":18}},"36":{"start":{"line":132,"column":4},"end":{"line":140,"column":5}},"37":{"start":{"line":133,"column":6},"end":{"line":133,"column":42}},"38":{"start":{"line":134,"column":6},"end":{"line":134,"column":42}},"39":{"start":{"line":135,"column":6},"end":{"line":135,"column":38}},"40":{"start":{"line":137,"column":6},"end":{"line":137,"column":14}},"41":{"start":{"line":138,"column":6},"end":{"line":138,"column":14}},"42":{"start":{"line":139,"column":6},"end":{"line":139,"column":16}},"43":{"start":{"line":142,"column":4},"end":{"line":203,"column":6}}},"fnMap":{"0":{"name":"(anonymous_0)","decl":{"start":{"line":29,"column":20},"end":{"line":29,"column":21}},"loc":{"start":{"line":29,"column":32},"end":{"line":51,"column":3}},"line":29},"1":{"name":"(anonymous_1)","decl":{"start":{"line":53,"column":23},"end":{"line":53,"column":24}},"loc":{"start":{"line":53,"column":29},"end":{"line":64,"column":3}},"line":53},"2":{"name":"(anonymous_2)","decl":{"start":{"line":56,"column":36},"end":{"line":56,"column":37}},"loc":{"start":{"line":56,"column":58},"end":{"line":62,"column":7}},"line":56},"3":{"name":"(anonymous_3)","decl":{"start":{"line":65,"column":20},"end":{"line":65,"column":21}},"loc":{"start":{"line":65,"column":26},"end":{"line":73,"column":3}},"line":65},"4":{"name":"(anonymous_4)","decl":{"start":{"line":75,"column":18},"end":{"line":75,"column":19}},"loc":{"start":{"line":75,"column":24},"end":{"line":90,"column":3}},"line":75},"5":{"name":"(anonymous_5)","decl":{"start":{"line":92,"column":25},"end":{"line":92,"column":26}},"loc":{"start":{"line":92,"column":35},"end":{"line":96,"column":3}},"line":92},"6":{"name":"(anonymous_6)","decl":{"start":{"line":98,"column":24},"end":{"line":98,"column":25}},"loc":{"start":{"line":98,"column":34},"end":{"line":102,"column":3}},"line":98},"7":{"name":"(anonymous_7)","decl":{"start":{"line":104,"column":17},"end":{"line":104,"column":18}},"loc":{"start":{"line":104,"column":23},"end":{"line":106,"column":3}},"line":104},"8":{"name":"(anonymous_8)","decl":{"start":{"line":108,"column":22},"end":{"line":108,"column":23}},"loc":{"start":{"line":108,"column":31},"end":{"line":114,"column":3}},"line":108},"9":{"name":"(anonymous_9)","decl":{"start":{"line":116,"column":12},"end":{"line":116,"column":13}},"loc":{"start":{"line":116,"column":21},"end":{"line":119,"column":3}},"line":116},"10":{"name":"(anonymous_10)","decl":{"start":{"line":118,"column":48},"end":{"line":118,"column":49}},"loc":{"start":{"line":118,"column":54},"end":{"line":118,"column":74}},"line":118},"11":{"name":"(anonymous_11)","decl":{"start":{"line":121,"column":2},"end":{"line":121,"column":3}},"loc":{"start":{"line":121,"column":11},"end":{"line":204,"column":3}},"line":121}},"branchMap":{"0":{"loc":{"start":{"line":34,"column":4},"end":{"line":36,"column":5}},"type":"if","locations":[{"start":{"line":34,"column":4},"end":{"line":36,"column":5}},{"start":{"line":34,"column":4},"end":{"line":36,"column":5}}],"line":34},"1":{"loc":{"start":{"line":34,"column":8},"end":{"line":34,"column":53}},"type":"binary-expr","locations":[{"start":{"line":34,"column":8},"end":{"line":34,"column":27}},{"start":{"line":34,"column":31},"end":{"line":34,"column":53}}],"line":34},"2":{"loc":{"start":{"line":42,"column":6},"end":{"line":44,"column":7}},"type":"if","locations":[{"start":{"line":42,"column":6},"end":{"line":44,"column":7}},{"start":{"line":42,"column":6},"end":{"line":44,"column":7}}],"line":42},"3":{"loc":{"start":{"line":55,"column":4},"end":{"line":63,"column":5}},"type":"if","locations":[{"start":{"line":55,"column":4},"end":{"line":63,"column":5}},{"start":{"line":55,"column":4},"end":{"line":63,"column":5}}],"line":55},"4":{"loc":{"start":{"line":67,"column":4},"end":{"line":72,"column":5}},"type":"if","locations":[{"start":{"line":67,"column":4},"end":{"line":72,"column":5}},{"start":{"line":67,"column":4},"end":{"line":72,"column":5}}],"line":67},"5":{"loc":{"start":{"line":77,"column":4},"end":{"line":89,"column":5}},"type":"if","locations":[{"start":{"line":77,"column":4},"end":{"line":89,"column":5}},{"start":{"line":77,"column":4},"end":{"line":89,"column":5}}],"line":77},"6":{"loc":{"start":{"line":78,"column":6},"end":{"line":86,"column":7}},"type":"if","locations":[{"start":{"line":78,"column":6},"end":{"line":86,"column":7}},{"start":{"line":78,"column":6},"end":{"line":86,"column":7}}],"line":78},"7":{"loc":{"start":{"line":82,"column":13},"end":{"line":86,"column":7}},"type":"if","locations":[{"start":{"line":82,"column":13},"end":{"line":86,"column":7}},{"start":{"line":82,"column":13},"end":{"line":86,"column":7}}],"line":82},"8":{"loc":{"start":{"line":93,"column":4},"end":{"line":95,"column":5}},"type":"if","locations":[{"start":{"line":93,"column":4},"end":{"line":95,"column":5}},{"start":{"line":93,"column":4},"end":{"line":95,"column":5}}],"line":93},"9":{"loc":{"start":{"line":99,"column":4},"end":{"line":101,"column":5}},"type":"if","locations":[{"start":{"line":99,"column":4},"end":{"line":101,"column":5}},{"start":{"line":99,"column":4},"end":{"line":101,"column":5}}],"line":99},"10":{"loc":{"start":{"line":109,"column":4},"end":{"line":113,"column":5}},"type":"if","locations":[{"start":{"line":109,"column":4},"end":{"line":113,"column":5}},{"start":{"line":109,"column":4},"end":{"line":113,"column":5}}],"line":109},"11":{"loc":{"start":{"line":109,"column":8},"end":{"line":109,"column":60}},"type":"binary-expr","locations":[{"start":{"line":109,"column":8},"end":{"line":109,"column":35}},{"start":{"line":109,"column":39},"end":{"line":109,"column":60}}],"line":109},"12":{"loc":{"start":{"line":132,"column":4},"end":{"line":140,"column":5}},"type":"if","locations":[{"start":{"line":132,"column":4},"end":{"line":140,"column":5}},{"start":{"line":132,"column":4},"end":{"line":140,"column":5}}],"line":132}},"s":{"0":2,"1":2,"2":2,"3":1,"4":2,"5":25,"6":25,"7":1,"8":25,"9":2,"10":28,"11":28,"12":27,"13":13,"14":0,"15":0,"16":0,"17":3,"18":3,"19":2,"20":1,"21":1,"22":1,"23":1,"24":3,"25":1,"26":3,"27":1,"28":1,"29":2,"30":1,"31":1,"32":1,"33":1,"34":1,"35":28,"36":28,"37":2,"38":2,"39":2,"40":26,"41":26,"42":26,"43":28},"f":{"0":2,"1":28,"2":13,"3":0,"4":3,"5":3,"6":3,"7":1,"8":2,"9":1,"10":1,"11":28},"b":{"0":[1,1],"1":[2,1],"2":[1,24],"3":[27,1],"4":[0,0],"5":[2,1],"6":[1,1],"7":[1,0],"8":[1,2],"9":[1,2],"10":[1,1],"11":[2,2],"12":[2,26]},"_coverageSchema":"332fd63041d2c1bcb487cc26dd0d5f7d97098a6c","hash":"638e06f8152a606795c0b9441b7bcaa8b9705e3e"}
}
