{"/Users/ceciliacaroline/Documents/random/src/index.js": {"path":"/Users/ceciliacaroline/Documents/random/src/index.js","statementMap":{"0":{"start":{"line":1,"column":0},"end":{"line":null,"column":-1}},"1":{"start":{"line":2,"column":0},"end":{"line":null,"column":-1}},"2":{"start":{"line":3,"column":0},"end":{"line":null,"column":-1}},"3":{"start":{"line":4,"column":0},"end":{"line":null,"column":-1}},"4":{"start":{"line":5,"column":0},"end":{"line":null,"column":-1}}},"fnMap":{},"branchMap":{"0":{"loc":{"start":{"line":12,"column":2},"end":{"line":12,"column":36}},"type":"binary-expr","locations":[{"start":{"line":12,"column":2},"end":{"line":12,"column":36}},{"start":{"line":12,"column":37},"end":{"line":7,"column":15}}]}},"s":{"0":0,"1":0,"2":0,"3":0,"4":0},"f":{},"b":{"0":[0,0]}}
,"/Users/ceciliacaroline/Documents/random/src/components/App.jsx": {"path":"/Users/ceciliacaroline/Documents/random/src/components/App.jsx","statementMap":{"0":{"start":{"line":28,"column":20},"end":{"line":28,"column":29}},"1":{"start":{"line":30,"column":49},"end":{"line":30,"column":59}},"2":{"start":{"line":32,"column":4},"end":{"line":34,"column":5}},"3":{"start":{"line":33,"column":6},"end":{"line":33,"column":64}},"4":{"start":{"line":36,"column":4},"end":{"line":44,"column":5}},"5":{"start":{"line":38,"column":8},"end":{"line":38,"column":70}},"6":{"start":{"line":40,"column":6},"end":{"line":42,"column":7}},"7":{"start":{"line":41,"column":8},"end":{"line":41,"column":42}},"8":{"start":{"line":43,"column":6},"end":{"line":43,"column":43}},"9":{"start":{"line":45,"column":4},"end":{"line":48,"column":7}},"10":{"start":{"line":53,"column":51},"end":{"line":53,"column":61}},"11":{"start":{"line":54,"column":4},"end":{"line":62,"column":5}},"12":{"start":{"line":55,"column":6},"end":{"line":61,"column":9}},"13":{"start":{"line":56,"column":8},"end":{"line":60,"column":10}},"14":{"start":{"line":65,"column":33},"end":{"line":65,"column":43}},"15":{"start":{"line":66,"column":4},"end":{"line":71,"column":5}},"16":{"start":{"line":67,"column":6},"end":{"line":70,"column":8}},"17":{"start":{"line":75,"column":41},"end":{"line":75,"column":51}},"18":{"start":{"line":76,"column":4},"end":{"line":88,"column":5}},"19":{"start":{"line":77,"column":6},"end":{"line":85,"column":7}},"20":{"start":{"line":78,"column":8},"end":{"line":80,"column":11}},"21":{"start":{"line":81,"column":13},"end":{"line":85,"column":7}},"22":{"start":{"line":82,"column":8},"end":{"line":84,"column":11}},"23":{"start":{"line":87,"column":6},"end":{"line":87,"column":70}},"24":{"start":{"line":92,"column":4},"end":{"line":94,"column":5}},"25":{"start":{"line":93,"column":6},"end":{"line":93,"column":16}},"26":{"start":{"line":98,"column":4},"end":{"line":100,"column":5}},"27":{"start":{"line":99,"column":6},"end":{"line":99,"column":16}},"28":{"start":{"line":106,"column":4},"end":{"line":106,"column":66}},"29":{"start":{"line":110,"column":4},"end":{"line":112,"column":5}},"30":{"start":{"line":111,"column":6},"end":{"line":111,"column":60}},"31":{"start":{"line":129,"column":4},"end":{"line":129,"column":27}},"32":{"start":{"line":130,"column":4},"end":{"line":131,"column":34}},"33":{"start":{"line":131,"column":12},"end":{"line":131,"column":32}},"34":{"start":{"line":142,"column":8},"end":{"line":142,"column":18}},"35":{"start":{"line":146,"column":4},"end":{"line":154,"column":5}},"36":{"start":{"line":147,"column":6},"end":{"line":147,"column":42}},"37":{"start":{"line":148,"column":6},"end":{"line":148,"column":42}},"38":{"start":{"line":149,"column":6},"end":{"line":149,"column":38}},"39":{"start":{"line":151,"column":6},"end":{"line":151,"column":14}},"40":{"start":{"line":152,"column":6},"end":{"line":152,"column":14}},"41":{"start":{"line":153,"column":6},"end":{"line":153,"column":16}},"42":{"start":{"line":156,"column":4},"end":{"line":217,"column":6}}},"fnMap":{"0":{"name":"(anonymous_0)","decl":{"start":{"line":27,"column":20},"end":{"line":27,"column":21}},"loc":{"start":{"line":27,"column":26},"end":{"line":50,"column":3}},"line":27},"1":{"name":"(anonymous_1)","decl":{"start":{"line":52,"column":23},"end":{"line":52,"column":24}},"loc":{"start":{"line":52,"column":29},"end":{"line":63,"column":3}},"line":52},"2":{"name":"(anonymous_2)","decl":{"start":{"line":55,"column":36},"end":{"line":55,"column":37}},"loc":{"start":{"line":55,"column":58},"end":{"line":61,"column":7}},"line":55},"3":{"name":"(anonymous_3)","decl":{"start":{"line":64,"column":20},"end":{"line":64,"column":21}},"loc":{"start":{"line":64,"column":26},"end":{"line":72,"column":3}},"line":64},"4":{"name":"(anonymous_4)","decl":{"start":{"line":74,"column":18},"end":{"line":74,"column":19}},"loc":{"start":{"line":74,"column":24},"end":{"line":89,"column":3}},"line":74},"5":{"name":"(anonymous_5)","decl":{"start":{"line":91,"column":25},"end":{"line":91,"column":26}},"loc":{"start":{"line":91,"column":35},"end":{"line":95,"column":3}},"line":91},"6":{"name":"(anonymous_6)","decl":{"start":{"line":97,"column":24},"end":{"line":97,"column":25}},"loc":{"start":{"line":97,"column":34},"end":{"line":101,"column":3}},"line":97},"7":{"name":"(anonymous_7)","decl":{"start":{"line":105,"column":17},"end":{"line":105,"column":18}},"loc":{"start":{"line":105,"column":23},"end":{"line":107,"column":3}},"line":105},"8":{"name":"(anonymous_8)","decl":{"start":{"line":109,"column":22},"end":{"line":109,"column":23}},"loc":{"start":{"line":109,"column":31},"end":{"line":113,"column":3}},"line":109},"9":{"name":"(anonymous_9)","decl":{"start":{"line":128,"column":12},"end":{"line":128,"column":13}},"loc":{"start":{"line":128,"column":21},"end":{"line":133,"column":3}},"line":128},"10":{"name":"(anonymous_10)","decl":{"start":{"line":131,"column":6},"end":{"line":131,"column":7}},"loc":{"start":{"line":131,"column":12},"end":{"line":131,"column":32}},"line":131},"11":{"name":"(anonymous_11)","decl":{"start":{"line":135,"column":2},"end":{"line":135,"column":3}},"loc":{"start":{"line":135,"column":11},"end":{"line":218,"column":3}},"line":135}},"branchMap":{"0":{"loc":{"start":{"line":32,"column":4},"end":{"line":34,"column":5}},"type":"if","locations":[{"start":{"line":32,"column":4},"end":{"line":34,"column":5}},{"start":{"line":32,"column":4},"end":{"line":34,"column":5}}],"line":32},"1":{"loc":{"start":{"line":32,"column":8},"end":{"line":32,"column":54}},"type":"binary-expr","locations":[{"start":{"line":32,"column":8},"end":{"line":32,"column":27}},{"start":{"line":32,"column":31},"end":{"line":32,"column":54}}],"line":32},"2":{"loc":{"start":{"line":40,"column":6},"end":{"line":42,"column":7}},"type":"if","locations":[{"start":{"line":40,"column":6},"end":{"line":42,"column":7}},{"start":{"line":40,"column":6},"end":{"line":42,"column":7}}],"line":40},"3":{"loc":{"start":{"line":54,"column":4},"end":{"line":62,"column":5}},"type":"if","locations":[{"start":{"line":54,"column":4},"end":{"line":62,"column":5}},{"start":{"line":54,"column":4},"end":{"line":62,"column":5}}],"line":54},"4":{"loc":{"start":{"line":54,"column":8},"end":{"line":54,"column":48}},"type":"binary-expr","locations":[{"start":{"line":54,"column":8},"end":{"line":54,"column":26}},{"start":{"line":54,"column":30},"end":{"line":54,"column":48}}],"line":54},"5":{"loc":{"start":{"line":66,"column":4},"end":{"line":71,"column":5}},"type":"if","locations":[{"start":{"line":66,"column":4},"end":{"line":71,"column":5}},{"start":{"line":66,"column":4},"end":{"line":71,"column":5}}],"line":66},"6":{"loc":{"start":{"line":76,"column":4},"end":{"line":88,"column":5}},"type":"if","locations":[{"start":{"line":76,"column":4},"end":{"line":88,"column":5}},{"start":{"line":76,"column":4},"end":{"line":88,"column":5}}],"line":76},"7":{"loc":{"start":{"line":77,"column":6},"end":{"line":85,"column":7}},"type":"if","locations":[{"start":{"line":77,"column":6},"end":{"line":85,"column":7}},{"start":{"line":77,"column":6},"end":{"line":85,"column":7}}],"line":77},"8":{"loc":{"start":{"line":81,"column":13},"end":{"line":85,"column":7}},"type":"if","locations":[{"start":{"line":81,"column":13},"end":{"line":85,"column":7}},{"start":{"line":81,"column":13},"end":{"line":85,"column":7}}],"line":81},"9":{"loc":{"start":{"line":92,"column":4},"end":{"line":94,"column":5}},"type":"if","locations":[{"start":{"line":92,"column":4},"end":{"line":94,"column":5}},{"start":{"line":92,"column":4},"end":{"line":94,"column":5}}],"line":92},"10":{"loc":{"start":{"line":98,"column":4},"end":{"line":100,"column":5}},"type":"if","locations":[{"start":{"line":98,"column":4},"end":{"line":100,"column":5}},{"start":{"line":98,"column":4},"end":{"line":100,"column":5}}],"line":98},"11":{"loc":{"start":{"line":110,"column":4},"end":{"line":112,"column":5}},"type":"if","locations":[{"start":{"line":110,"column":4},"end":{"line":112,"column":5}},{"start":{"line":110,"column":4},"end":{"line":112,"column":5}}],"line":110},"12":{"loc":{"start":{"line":146,"column":4},"end":{"line":154,"column":5}},"type":"if","locations":[{"start":{"line":146,"column":4},"end":{"line":154,"column":5}},{"start":{"line":146,"column":4},"end":{"line":154,"column":5}}],"line":146}},"s":{"0":2,"1":2,"2":2,"3":2,"4":2,"5":12,"6":12,"7":10,"8":12,"9":2,"10":28,"11":28,"12":4,"13":10,"14":1,"15":1,"16":0,"17":3,"18":3,"19":2,"20":1,"21":1,"22":1,"23":1,"24":3,"25":1,"26":3,"27":1,"28":1,"29":1,"30":1,"31":1,"32":1,"33":1,"34":28,"35":28,"36":2,"37":2,"38":2,"39":26,"40":26,"41":26,"42":28},"f":{"0":2,"1":28,"2":10,"3":1,"4":3,"5":3,"6":3,"7":1,"8":1,"9":1,"10":1,"11":28},"b":{"0":[2,0],"1":[2,1],"2":[10,2],"3":[4,24],"4":[28,27],"5":[0,1],"6":[2,1],"7":[1,1],"8":[1,0],"9":[1,2],"10":[1,2],"11":[1,0],"12":[2,26]},"_coverageSchema":"332fd63041d2c1bcb487cc26dd0d5f7d97098a6c","hash":"072d54a3303b35eb49a6559f07cac275d0fa7bc1"}
,"/Users/ceciliacaroline/Documents/random/src/components/ClearButton.js": {"path":"/Users/ceciliacaroline/Documents/random/src/components/ClearButton.js","statementMap":{"0":{"start":{"line":4,"column":20},"end":{"line":19,"column":1}},"1":{"start":{"line":5,"column":2},"end":{"line":18,"column":4}}},"fnMap":{"0":{"name":"(anonymous_0)","decl":{"start":{"line":4,"column":20},"end":{"line":4,"column":21}},"loc":{"start":{"line":4,"column":29},"end":{"line":19,"column":1}},"line":4}},"branchMap":{"0":{"loc":{"start":{"line":7,"column":7},"end":{"line":16,"column":7}},"type":"cond-expr","locations":[{"start":{"line":8,"column":8},"end":{"line":13,"column":17}},{"start":{"line":15,"column":8},"end":{"line":15,"column":10}}],"line":7}},"s":{"0":1,"1":3},"f":{"0":3},"b":{"0":[0,3]},"_coverageSchema":"332fd63041d2c1bcb487cc26dd0d5f7d97098a6c","hash":"a63b9ccc4e2f62851006a0c99f2090444387b86a"}
,"/Users/ceciliacaroline/Documents/random/src/components/Counter.js": {"path":"/Users/ceciliacaroline/Documents/random/src/components/Counter.js","statementMap":{"0":{"start":{"line":3,"column":16},"end":{"line":20,"column":1}},"1":{"start":{"line":4,"column":4},"end":{"line":18,"column":5}}},"fnMap":{"0":{"name":"(anonymous_0)","decl":{"start":{"line":3,"column":16},"end":{"line":3,"column":17}},"loc":{"start":{"line":3,"column":27},"end":{"line":20,"column":1}},"line":3}},"branchMap":{},"s":{"0":1,"1":3},"f":{"0":3},"b":{},"_coverageSchema":"332fd63041d2c1bcb487cc26dd0d5f7d97098a6c","hash":"227dc55ce5164d86775282eb64f40be79b8ee8dc"}
,"/Users/ceciliacaroline/Documents/random/src/components/DownLoadButton.js": {"path":"/Users/ceciliacaroline/Documents/random/src/components/DownLoadButton.js","statementMap":{"0":{"start":{"line":4,"column":23},"end":{"line":19,"column":1}},"1":{"start":{"line":5,"column":2},"end":{"line":18,"column":4}}},"fnMap":{"0":{"name":"(anonymous_0)","decl":{"start":{"line":4,"column":23},"end":{"line":4,"column":24}},"loc":{"start":{"line":4,"column":32},"end":{"line":19,"column":1}},"line":4}},"branchMap":{"0":{"loc":{"start":{"line":7,"column":7},"end":{"line":16,"column":7}},"type":"cond-expr","locations":[{"start":{"line":8,"column":8},"end":{"line":13,"column":17}},{"start":{"line":15,"column":8},"end":{"line":15,"column":10}}],"line":7}},"s":{"0":1,"1":3},"f":{"0":3},"b":{"0":[0,3]},"_coverageSchema":"332fd63041d2c1bcb487cc26dd0d5f7d97098a6c","hash":"3a86908fd5bafa120b0902e5fed89e206320919b"}
,"/Users/ceciliacaroline/Documents/random/src/components/GeneratorButton.js": {"path":"/Users/ceciliacaroline/Documents/random/src/components/GeneratorButton.js","statementMap":{"0":{"start":{"line":5,"column":24},"end":{"line":13,"column":1}},"1":{"start":{"line":6,"column":2},"end":{"line":12,"column":4}}},"fnMap":{"0":{"name":"(anonymous_0)","decl":{"start":{"line":5,"column":24},"end":{"line":5,"column":25}},"loc":{"start":{"line":5,"column":33},"end":{"line":13,"column":1}},"line":5}},"branchMap":{},"s":{"0":1,"1":3},"f":{"0":3},"b":{},"_coverageSchema":"332fd63041d2c1bcb487cc26dd0d5f7d97098a6c","hash":"a846e52f5e2aba8146d59d8eaeefed18b6a8ec00"}
,"/Users/ceciliacaroline/Documents/random/src/components/GeneratorInput.js": {"path":"/Users/ceciliacaroline/Documents/random/src/components/GeneratorInput.js","statementMap":{"0":{"start":{"line":3,"column":23},"end":{"line":20,"column":1}},"1":{"start":{"line":4,"column":4},"end":{"line":18,"column":5}}},"fnMap":{"0":{"name":"(anonymous_0)","decl":{"start":{"line":3,"column":23},"end":{"line":3,"column":24}},"loc":{"start":{"line":3,"column":34},"end":{"line":20,"column":1}},"line":3}},"branchMap":{},"s":{"0":1,"1":3},"f":{"0":3},"b":{},"_coverageSchema":"332fd63041d2c1bcb487cc26dd0d5f7d97098a6c","hash":"8f9e513ffcead7015f93cb0301f1264bbfe7963f"}
,"/Users/ceciliacaroline/Documents/random/src/components/Sorting.js": {"path":"/Users/ceciliacaroline/Documents/random/src/components/Sorting.js","statementMap":{"0":{"start":{"line":7,"column":15},"end":{"line":9,"column":1}},"1":{"start":{"line":10,"column":16},"end":{"line":30,"column":1}},"2":{"start":{"line":11,"column":2},"end":{"line":29,"column":4}}},"fnMap":{"0":{"name":"(anonymous_0)","decl":{"start":{"line":10,"column":16},"end":{"line":10,"column":17}},"loc":{"start":{"line":10,"column":25},"end":{"line":30,"column":1}},"line":10}},"branchMap":{},"s":{"0":1,"1":1,"2":3},"f":{"0":3},"b":{},"_coverageSchema":"332fd63041d2c1bcb487cc26dd0d5f7d97098a6c","hash":"f03276dedf2dd5ee2391a46b66bb0c8d2200a3d1"}
}
