TN:
SF:/Users/ceciliacaroline/Documents/random/src/components/App.jsx
FN:29,(anonymous_0)
FN:53,(anonymous_1)
FN:56,(anonymous_2)
FN:65,(anonymous_3)
FN:75,(anonymous_4)
FN:92,(anonymous_5)
FN:98,(anonymous_6)
FN:104,(anonymous_7)
FN:108,(anonymous_8)
FN:114,(anonymous_9)
FN:116,(anonymous_10)
FN:119,(anonymous_11)
FNF:12
FNH:11
FNDA:2,(anonymous_0)
FNDA:26,(anonymous_1)
FNDA:10,(anonymous_2)
FNDA:0,(anonymous_3)
FNDA:3,(anonymous_4)
FNDA:3,(anonymous_5)
FNDA:3,(anonymous_6)
FNDA:1,(anonymous_7)
FNDA:1,(anonymous_8)
FNDA:1,(anonymous_9)
FNDA:1,(anonymous_10)
FNDA:26,(anonymous_11)
DA:30,2
DA:32,2
DA:34,2
DA:35,1
DA:38,2
DA:40,11
DA:42,11
DA:43,10
DA:45,11
DA:47,2
DA:54,26
DA:55,26
DA:56,3
DA:57,10
DA:66,0
DA:67,0
DA:68,0
DA:76,3
DA:77,3
DA:78,2
DA:79,1
DA:82,1
DA:83,1
DA:88,1
DA:93,3
DA:94,1
DA:99,3
DA:100,1
DA:105,1
DA:109,1
DA:110,1
DA:115,1
DA:116,1
DA:126,26
DA:130,26
DA:131,2
DA:132,2
DA:133,2
DA:135,24
DA:136,24
DA:137,24
DA:140,26
LF:42
LH:39
BRDA:34,0,0,1
BRDA:34,0,1,1
BRDA:34,1,0,2
BRDA:34,1,1,1
BRDA:42,2,0,10
BRDA:42,2,1,1
BRDA:55,3,0,3
BRDA:55,3,1,23
BRDA:55,4,0,26
BRDA:55,4,1,25
BRDA:67,5,0,0
BRDA:67,5,1,0
BRDA:77,6,0,2
BRDA:77,6,1,1
BRDA:78,7,0,1
BRDA:78,7,1,1
BRDA:82,8,0,1
BRDA:82,8,1,0
BRDA:93,9,0,1
BRDA:93,9,1,2
BRDA:99,10,0,1
BRDA:99,10,1,2
BRDA:109,11,0,1
BRDA:109,11,1,0
BRDA:130,12,0,2
BRDA:130,12,1,24
BRF:26
BRH:22
end_of_record
