TN:
SF:/Users/ceciliacaroline/Documents/random/src/components/App.jsx
FN:29,(anonymous_0)
FN:53,(anonymous_1)
FN:56,(anonymous_2)
FN:65,(anonymous_3)
FN:75,(anonymous_4)
FN:92,(anonymous_5)
FN:98,(anonymous_6)
FN:104,(anonymous_7)
FN:108,(anonymous_8)
FN:116,(anonymous_9)
FN:118,(anonymous_10)
FN:121,(anonymous_11)
FNF:12
FNH:11
FNDA:2,(anonymous_0)
FNDA:28,(anonymous_1)
FNDA:13,(anonymous_2)
FNDA:0,(anonymous_3)
FNDA:3,(anonymous_4)
FNDA:3,(anonymous_5)
FNDA:3,(anonymous_6)
FNDA:1,(anonymous_7)
FNDA:2,(anonymous_8)
FNDA:1,(anonymous_9)
FNDA:1,(anonymous_10)
FNDA:28,(anonymous_11)
DA:30,2
DA:32,2
DA:34,2
DA:35,1
DA:38,2
DA:40,25
DA:42,25
DA:43,1
DA:45,25
DA:47,2
DA:54,28
DA:55,28
DA:56,27
DA:57,13
DA:66,0
DA:67,0
DA:68,0
DA:76,3
DA:77,3
DA:78,2
DA:79,1
DA:82,1
DA:83,1
DA:88,1
DA:93,3
DA:94,1
DA:99,3
DA:100,1
DA:105,1
DA:109,2
DA:110,1
DA:112,1
DA:117,1
DA:118,1
DA:128,28
DA:132,28
DA:133,2
DA:134,2
DA:135,2
DA:137,26
DA:138,26
DA:139,26
DA:142,28
LF:43
LH:40
BRDA:34,0,0,1
BRDA:34,0,1,1
BRDA:34,1,0,2
BRDA:34,1,1,1
BRDA:42,2,0,1
BRDA:42,2,1,24
BRDA:55,3,0,27
BRDA:55,3,1,1
BRDA:67,4,0,0
BRDA:67,4,1,0
BRDA:77,5,0,2
BRDA:77,5,1,1
BRDA:78,6,0,1
BRDA:78,6,1,1
BRDA:82,7,0,1
BRDA:82,7,1,0
BRDA:93,8,0,1
BRDA:93,8,1,2
BRDA:99,9,0,1
BRDA:99,9,1,2
BRDA:109,10,0,1
BRDA:109,10,1,1
BRDA:109,11,0,2
BRDA:109,11,1,2
BRDA:132,12,0,2
BRDA:132,12,1,26
BRF:26
BRH:23
end_of_record
